2024-11-03 00:03:58,656 [INFO] NvicIntPanel:101 - NVIC parent = com.st.microxplorer.plugins.ip.nvic.MultiNvicIntPanel[,0,0,484x269,layout=javax.swing.BoxLayout,alignmentX=0.0,alignmentY=0.0,border=,flags=9,maximumSize=,minimumSize=,preferredSize=]
2024-11-03 00:08:30,273 [INFO] MainUpdater:2873 - connection check result : 10
2024-11-03 00:08:30,274 [INFO] MainUpdater:2873 - connection check result : 10
2024-11-03 00:08:30,312 [INFO] MicroXplorer:468 - Change Database Path : 
2024-11-03 00:08:30,312 [INFO] MicroXplorer:498 - Change Database Version : DB.6.0.120
2024-11-03 00:08:30,328 [ERROR] ProjectManagerView:394 - 
java.lang.NullPointerException: Cannot invoke "javax.swing.JTextField.getText()" because the return value of "java.util.List.get(int)" is null
	at com.st.microxplorer.plugins.projectmanager.gui.ProjectChoiceTab$10.caretUpdate(ProjectChoiceTab.java:2622) ~[filemanager.jar:?]
	at javax.swing.text.JTextComponent.fireCaretUpdate(JTextComponent.java:412) ~[?:?]
	at javax.swing.text.JTextComponent$MutableCaretEvent.fire(JTextComponent.java:4491) ~[?:?]
	at javax.swing.text.JTextComponent$MutableCaretEvent.stateChanged(JTextComponent.java:4513) ~[?:?]
	at javax.swing.text.DefaultCaret.fireStateChanged(DefaultCaret.java:842) ~[?:?]
	at javax.swing.text.DefaultCaret.changeCaretPosition(DefaultCaret.java:1313) ~[?:?]
	at javax.swing.text.DefaultCaret.handleSetDot(DefaultCaret.java:1212) ~[?:?]
	at javax.swing.text.DefaultCaret.setDot(DefaultCaret.java:1193) ~[?:?]
	at javax.swing.text.DefaultCaret$Handler.insertUpdate(DefaultCaret.java:1789) ~[?:?]
	at javax.swing.text.AbstractDocument.fireInsertUpdate(AbstractDocument.java:226) ~[?:?]
	at javax.swing.text.AbstractDocument.handleInsertString(AbstractDocument.java:780) ~[?:?]
	at javax.swing.text.AbstractDocument.insertString(AbstractDocument.java:739) ~[?:?]
	at javax.swing.text.PlainDocument.insertString(PlainDocument.java:131) ~[?:?]
	at javax.swing.text.AbstractDocument.replace(AbstractDocument.java:698) ~[?:?]
	at javax.swing.text.JTextComponent.setText(JTextComponent.java:1729) ~[?:?]
	at com.st.microxplorer.plugins.projectmanager.gui.ProjectChoiceTab.createHeapStackFields(ProjectChoiceTab.java:972) ~[filemanager.jar:?]
	at com.st.microxplorer.plugins.projectmanager.gui.ProjectChoiceTab.buildLinkSettingsPanel(ProjectChoiceTab.java:3597) ~[filemanager.jar:?]
	at com.st.microxplorer.plugins.projectmanager.gui.ProjectChoiceTab.defineWindowsFields(ProjectChoiceTab.java:1940) ~[filemanager.jar:?]
	at com.st.microxplorer.plugins.projectmanager.gui.ProjectChoiceTab.updateSettings(ProjectChoiceTab.java:550) ~[filemanager.jar:?]
	at com.st.microxplorer.plugins.projectmanager.gui.ProjectSettingsPanel.UpdateDialog(ProjectSettingsPanel.java:245) ~[filemanager.jar:?]
	at com.st.microxplorer.plugins.projectmanager.ProjectManagerView.propertyChange(ProjectManagerView.java:391) ~[filemanager.jar:?]
	at java.beans.PropertyChangeSupport.fire(PropertyChangeSupport.java:343) ~[?:?]
	at java.beans.PropertyChangeSupport.firePropertyChange(PropertyChangeSupport.java:335) ~[?:?]
	at java.beans.PropertyChangeSupport.firePropertyChange(PropertyChangeSupport.java:268) ~[?:?]
	at com.st.microxplorer.util.MXPropertyChangeSupport.firePropertyChange(MXPropertyChangeSupport.java:54) ~[STM32CubeMX.jar:?]
	at com.st.microxplorer.mxsystem.MxSystem.closeConfig(MxSystem.java:900) ~[STM32CubeMX.jar:?]
	at com.st.microxplorer.maingui.MainPanel.closeConfig(MainPanel.java:781) ~[STM32CubeMX.jar:?]
	at com.st.microxplorer.plugins.filemanager.engine.OpenFileManager.loadConfigurationFile(OpenFileManager.java:265) ~[filemanager.jar:?]
	at com.st.microxplorer.plugins.filemanager.engine.MainFileManager.userLoadConfig(MainFileManager.java:352) ~[filemanager.jar:?]
	at com.st.microxplorer.plugins.filemanager.engine.MainFileManager.userLoadConfig(MainFileManager.java:330) ~[filemanager.jar:?]
	at com.st.microxplorer.plugins.filemanager.FileManagerView.getSpecificTask(FileManagerView.java:246) ~[filemanager.jar:?]
	at com.st.stm32cube.common.mx.editor.CubeMxEditor.getMxTabbedPaneInstance(CubeMxEditor.java:1198) ~[com.st.stm32cube.common.mx_6.12.0.202406281431/:?]
	at com.st.stm32cube.common.mx.editor.CubeMxEditor$12$1.createSwingComponent(CubeMxEditor.java:1068) ~[com.st.stm32cube.common.mx_6.12.0.202406281431/:?]
	at com.st.stm32cube.common.mx.oss.core.awtswtbridge.EmbeddedSwingComposite.doComponentCreation(EmbeddedSwingComposite.java:492) ~[com.st.stm32cube.common.mx.oss_6.12.0.202406281431/:?]
	at com.st.stm32cube.common.mx.oss.core.awtswtbridge.EmbeddedSwingComposite$4.run(EmbeddedSwingComposite.java:291) ~[com.st.stm32cube.common.mx.oss_6.12.0.202406281431/:?]
	at com.st.stm32cube.common.mx.oss.core.awtswtbridge.AwtEnvironment$2.run(AwtEnvironment.java:166) ~[com.st.stm32cube.common.mx.oss_6.12.0.202406281431/:?]
	at java.awt.event.InvocationEvent.dispatch(InvocationEvent.java:318) ~[?:?]
	at java.awt.EventQueue.dispatchEventImpl(EventQueue.java:773) ~[?:?]
	at java.awt.EventQueue$4.run(EventQueue.java:720) ~[?:?]
	at java.awt.EventQueue$4.run(EventQueue.java:714) ~[?:?]
	at java.security.AccessController.doPrivileged(AccessController.java:399) ~[?:?]
	at java.security.ProtectionDomain$JavaSecurityAccessImpl.doIntersectionPrivilege(ProtectionDomain.java:86) ~[?:?]
	at java.awt.EventQueue.dispatchEvent(EventQueue.java:742) ~[?:?]
	at java.awt.EventDispatchThread.pumpOneEventForFilters(EventDispatchThread.java:203) ~[?:?]
	at java.awt.EventDispatchThread.pumpEventsForFilter(EventDispatchThread.java:124) ~[?:?]
	at java.awt.EventDispatchThread.pumpEventsForHierarchy(EventDispatchThread.java:113) ~[?:?]
	at java.awt.EventDispatchThread.pumpEvents(EventDispatchThread.java:109) ~[?:?]
	at java.awt.EventDispatchThread.pumpEvents(EventDispatchThread.java:101) ~[?:?]
	at java.awt.EventDispatchThread.run(EventDispatchThread.java:90) ~[?:?]
2024-11-03 00:08:30,333 [WARN] ThirdParty:871 - waiting for thirdparty lock release [close project]
2024-11-03 00:08:30,333 [INFO] ThirdParty:873 - entering critical section [close project]
2024-11-03 00:08:30,333 [INFO] ThirdParty:883 - exiting critical section [close project]
2024-11-03 00:08:30,335 [INFO] PinOutPanel:1561 - setPackage(No Configuration,No Configuration)
2024-11-03 00:08:30,345 [WARN] IpParametersView:151 - Warning: This peripheral hasn't parameters
2024-11-03 00:08:30,350 [WARN] MainPanel:284 - <html><b><center>Warning: This peripheral has no parameters to be configured<br></b></html>
2024-11-03 00:08:30,354 [INFO] UtilMem:75 - Begin LoadConfig() Used Memory: 791479136 Bytes (1073741824)
2024-11-03 00:08:51,058 [INFO] MicroXplorer:468 - Change Database Path : 
2024-11-03 00:08:51,058 [INFO] MicroXplorer:498 - Change Database Version : DB.6.0.120
2024-11-03 00:08:51,058 [INFO] OpenFileManager:332 - Change cursor
2024-11-03 00:08:51,082 [INFO] Mcu:2032 - Initializing MCU STM32F401C(D-E)Ux STM32F401CDUx STM32F401CDU6
2024-11-03 00:08:52,128 [INFO] Context:742 - Trying to add GPIOservice into a context  which must be forbidden
2024-11-03 00:08:52,705 [INFO] RtosManager:555 - Registered RTOS mode: class=CMSIS, group=RTOS, mode=CMSIS_V1, owner=FREERTOS
2024-11-03 00:08:52,706 [INFO] RtosManager:555 - Registered RTOS mode: class=CMSIS, group=RTOS2, mode=CMSIS_V2, owner=FREERTOS
2024-11-03 00:08:52,706 [INFO] RtosManager:555 - Registered RTOS mode: class=RTOS, group=Core, mode=CMSIS_V1, owner=FREERTOS
2024-11-03 00:08:52,706 [INFO] RtosManager:555 - Registered RTOS mode: class=RTOS, group=Core, mode=CMSIS_V2, owner=FREERTOS
2024-11-03 00:08:52,706 [WARN] ModelIntegratedComponent:184 - Missing modes for component STMicroelectronics:FreeRTOS:0.0.1:STMicroelectronics:RTOS:FreeRTOS:Core:::10.2.0:
2024-11-03 00:08:52,708 [WARN] ModelIntegratedComponent:63 - No mode defined for component null
2024-11-03 00:08:52,708 [WARN] ModelIntegratedComponent:63 - No mode defined for component null
2024-11-03 00:08:52,708 [WARN] ModelIntegratedComponent:63 - No mode defined for component null
2024-11-03 00:08:52,708 [WARN] ModelIntegratedComponent:63 - No mode defined for component null
2024-11-03 00:08:52,708 [WARN] ModelIntegratedComponent:63 - No mode defined for component null
2024-11-03 00:08:52,709 [WARN] ModelIntegratedComponent:63 - No mode defined for component null
2024-11-03 00:08:52,709 [WARN] ModelIntegratedComponent:63 - No mode defined for component null
2024-11-03 00:08:52,709 [WARN] ModelIntegratedComponent:63 - No mode defined for component null
2024-11-03 00:08:52,709 [WARN] ModelIntegratedComponent:63 - No mode defined for component null
2024-11-03 00:08:52,709 [WARN] ModelIntegratedComponent:63 - No mode defined for component null
2024-11-03 00:08:52,709 [WARN] ModelIntegratedComponent:63 - No mode defined for component null
2024-11-03 00:08:52,709 [WARN] ModelIntegratedComponent:63 - No mode defined for component null
2024-11-03 00:08:52,710 [WARN] ModelIntegratedComponent:63 - No mode defined for component null
2024-11-03 00:08:52,710 [WARN] ModelIntegratedComponent:63 - No mode defined for component null
2024-11-03 00:08:52,710 [WARN] ModelIntegratedComponent:63 - No mode defined for component null
2024-11-03 00:08:52,710 [WARN] ModelIntegratedComponent:63 - No mode defined for component null
2024-11-03 00:08:52,710 [WARN] ModelIntegratedComponent:63 - No mode defined for component null
2024-11-03 00:08:52,710 [WARN] ModelIntegratedComponent:63 - No mode defined for component null
2024-11-03 00:08:52,710 [WARN] ModelIntegratedComponent:63 - No mode defined for component null
2024-11-03 00:08:52,710 [WARN] ModelIntegratedComponent:63 - No mode defined for component null
2024-11-03 00:08:52,710 [WARN] ModelIntegratedComponent:63 - No mode defined for component null
2024-11-03 00:08:52,710 [WARN] ModelIntegratedComponent:63 - No mode defined for component null
2024-11-03 00:08:52,710 [WARN] ModelIntegratedComponent:63 - No mode defined for component null
2024-11-03 00:08:52,710 [WARN] ModelIntegratedComponent:63 - No mode defined for component null
2024-11-03 00:08:52,710 [WARN] ModelIntegratedComponent:63 - No mode defined for component null
2024-11-03 00:08:52,711 [WARN] ModelIntegratedComponent:63 - No mode defined for component null
2024-11-03 00:08:52,711 [WARN] ModelIntegratedComponent:63 - No mode defined for component null
2024-11-03 00:08:52,711 [WARN] ModelIntegratedComponent:63 - No mode defined for component null
2024-11-03 00:08:52,711 [WARN] ModelIntegratedComponent:63 - No mode defined for component null
2024-11-03 00:08:52,711 [WARN] ModelIntegratedComponent:63 - No mode defined for component null
2024-11-03 00:08:52,711 [WARN] ModelIntegratedComponent:63 - No mode defined for component null
2024-11-03 00:08:52,711 [WARN] ModelIntegratedComponent:63 - No mode defined for component null
2024-11-03 00:08:52,711 [WARN] ModelIntegratedComponent:63 - No mode defined for component null
2024-11-03 00:08:52,711 [WARN] ModelIntegratedComponent:63 - No mode defined for component null
2024-11-03 00:08:52,711 [WARN] ModelIntegratedComponent:63 - No mode defined for component null
2024-11-03 00:08:52,711 [WARN] ModelPack:524 - Component already loaded: STMicroelectronics:HAL Drivers:0.0.0:STMicroelectronics:Device:STMicro_Driver:XSPI:HAL::0.0.1:HAL_XSPI
2024-11-03 00:08:52,858 [INFO] ThirdPartyModel:298 - Start build external matchings
2024-11-03 00:08:55,175 [INFO] ThirdPartyModel:316 - End build external matchings
2024-11-03 00:08:55,196 [INFO] ImportTextPane:205 - (OptionalMessage_ERROR) IP (RCC) : Parameter (RTCHSEDivFreq_Value) has invalid value (12500000)
2024-11-03 00:08:55,372 [INFO] UtilMem:75 - End LoadConfig() Used Memory: 861402272 Bytes (1073741824)
2024-11-03 00:08:55,472 [WARN] ThirdParty:833 - waiting for thirdparty lock release [change project]
2024-11-03 00:08:55,472 [INFO] ThirdParty:835 - entering critical section [change project]
2024-11-03 00:08:55,472 [INFO] ThirdParty:1030 - CMSIS Pack Vendor :STMicroelectronics USBPD 4.1
2024-11-03 00:08:55,472 [INFO] ThirdParty:1030 - CMSIS Pack Vendor :STMicroelectronics X-CUBE-GNSS1 6.0.0
2024-11-03 00:08:55,472 [INFO] ThirdParty:1030 - CMSIS Pack Vendor :STMicroelectronics USB_HOST 2.0.0
2024-11-03 00:08:55,472 [INFO] ThirdParty:1030 - CMSIS Pack Vendor :STMicroelectronics FP-SNS-MOTENVWB1 1.4.0
2024-11-03 00:08:55,472 [INFO] ThirdParty:1030 - CMSIS Pack Vendor :STMicroelectronics X-CUBE-AZRTOS-F4 1.1.0
2024-11-03 00:08:55,473 [INFO] ThirdParty:1030 - CMSIS Pack Vendor :STMicroelectronics LIBJPEG 8.0.0
2024-11-03 00:08:55,473 [INFO] ThirdParty:1030 - CMSIS Pack Vendor :STMicroelectronics X-CUBE-SMBUS 2.1.0
2024-11-03 00:08:55,473 [INFO] ThirdParty:1030 - CMSIS Pack Vendor :STMicroelectronics X-CUBE-WB05N 1.1.0
2024-11-03 00:08:55,473 [INFO] ThirdParty:1030 - CMSIS Pack Vendor :STMicroelectronics X-CUBE-ISPU 2.1.0
2024-11-03 00:08:55,473 [INFO] ThirdParty:1030 - CMSIS Pack Vendor :STMicroelectronics X-CUBE-FREERTOS 1.2.0
2024-11-03 00:08:55,473 [INFO] ThirdParty:1030 - CMSIS Pack Vendor :STMicroelectronics X-CUBE-TOUCHGFX 4.23.0
2024-11-03 00:08:55,473 [INFO] ThirdParty:1030 - CMSIS Pack Vendor :STMicroelectronics X-CUBE-AZRTOS-F7 1.1.0
2024-11-03 00:08:55,473 [INFO] ThirdParty:1030 - CMSIS Pack Vendor :STMicroelectronics X-CUBE-AZRTOS-L5 2.0.0
2024-11-03 00:08:55,473 [INFO] ThirdParty:1030 - CMSIS Pack Vendor :STMicroelectronics USB_DEVICE 2.0.0
2024-11-03 00:08:55,473 [INFO] ThirdParty:1030 - CMSIS Pack Vendor :STMicroelectronics X-CUBE-MEMS1 9.6.0
2024-11-03 00:08:55,473 [INFO] ThirdParty:1030 - CMSIS Pack Vendor :STMicroelectronics X-CUBE-EEPRMA1 4.2.0
2024-11-03 00:08:55,473 [INFO] ThirdParty:1030 - CMSIS Pack Vendor :STMicroelectronics X-CUBE-NFC6 3.1.0
2024-11-03 00:08:55,473 [INFO] ThirdParty:1030 - CMSIS Pack Vendor :ITTIA_DB I-CUBE-ITTIADB 8.8.0
2024-11-03 00:08:55,473 [INFO] ThirdParty:1030 - CMSIS Pack Vendor :STMicroelectronics FP-SNS-MOTENV1 4.3.2
2024-11-03 00:08:55,473 [INFO] ThirdParty:1030 - CMSIS Pack Vendor :STMicroelectronics X-CUBE-MEMS1 11.0.0
2024-11-03 00:08:55,474 [INFO] ThirdParty:1030 - CMSIS Pack Vendor :STMicroelectronics FreeRTOS 0.0.1
2024-11-03 00:08:55,474 [INFO] ThirdParty:1030 - CMSIS Pack Vendor :STMicroelectronics X-CUBE-BLEMGR 2.0.0
2024-11-03 00:08:55,474 [INFO] ThirdParty:1030 - CMSIS Pack Vendor :STMicroelectronics X-CUBE-DPower 1.2.0
2024-11-03 00:08:55,474 [INFO] ThirdParty:1030 - CMSIS Pack Vendor :STMicroelectronics FP-SNS-FLIGHT1 5.0.2
2024-11-03 00:08:55,474 [INFO] ThirdParty:1030 - CMSIS Pack Vendor :STMicroelectronics X-CUBE-AI 9.0.0
2024-11-03 00:08:55,474 [INFO] ThirdParty:1030 - CMSIS Pack Vendor :STMicroelectronics X-CUBE-AZRTOS-H7 3.1.0
2024-11-03 00:08:55,474 [INFO] ThirdParty:1030 - CMSIS Pack Vendor :STMicroelectronics PDM2PCM 3.3.0
2024-11-03 00:08:55,474 [INFO] ThirdParty:1030 - CMSIS Pack Vendor :STMicroelectronics X-CUBE-DISPLAY 3.0.0
2024-11-03 00:08:55,474 [INFO] ThirdParty:1030 - CMSIS Pack Vendor :STMicroelectronics X-CUBE-BLE1 7.0.0
2024-11-03 00:08:55,474 [INFO] ThirdParty:1030 - CMSIS Pack Vendor :STMicroelectronics X-CUBE-NFC10 1.0.0
2024-11-03 00:08:55,474 [INFO] ThirdParty:1030 - CMSIS Pack Vendor :wolfSSL I-CUBE-wolfSSL 5.5.4
2024-11-03 00:08:55,474 [INFO] ThirdParty:1030 - CMSIS Pack Vendor :STMicroelectronics HAL Drivers 0.0.0
2024-11-03 00:08:55,474 [INFO] ThirdParty:1030 - CMSIS Pack Vendor :emotas I-CUBE-CANOPEN 1.3.0
2024-11-03 00:08:55,474 [INFO] ThirdParty:1030 - CMSIS Pack Vendor :STMicroelectronics X-CUBE-TOUCHGFX 4.22.0
2024-11-03 00:08:55,474 [INFO] ThirdParty:1030 - CMSIS Pack Vendor :STMicroelectronics X-CUBE-NFC7 1.0.1
2024-11-03 00:08:55,474 [INFO] ThirdParty:1030 - CMSIS Pack Vendor :STMicroelectronics MBEDTLS 2.14.1
2024-11-03 00:08:55,474 [INFO] ThirdParty:1030 - CMSIS Pack Vendor :STMicroelectronics X-CUBE-TOUCHGFX 4.22.1
2024-11-03 00:08:55,475 [INFO] ThirdParty:1030 - CMSIS Pack Vendor :wolfSSL I-CUBE-wolfTPM 3.2.0
2024-11-03 00:08:55,475 [INFO] ThirdParty:1030 - CMSIS Pack Vendor :STMicroelectronics X-CUBE-NFC6 3.0.0
2024-11-03 00:08:55,475 [INFO] ThirdParty:1030 - CMSIS Pack Vendor :STMicroelectronics X-CUBE-EEPRMA1 4.1.0
2024-11-03 00:08:55,475 [INFO] ThirdParty:1030 - CMSIS Pack Vendor :STMicroelectronics X-CUBE-BLEMGR 3.1.0
2024-11-03 00:08:55,475 [INFO] ThirdParty:1030 - CMSIS Pack Vendor :STMicroelectronics FP-SNS-SMARTAG2 1.2.0
2024-11-03 00:08:55,475 [INFO] ThirdParty:1030 - CMSIS Pack Vendor :STMicroelectronics X-CUBE-AZRTOS-WL 2.0.0
2024-11-03 00:08:55,475 [INFO] ThirdParty:1030 - CMSIS Pack Vendor :STMicroelectronics FP-SNS-MOTENV1 5.0.0
2024-11-03 00:08:55,475 [INFO] ThirdParty:1030 - CMSIS Pack Vendor :STMicroelectronics USB_DEVICE 1.0.0
2024-11-03 00:08:55,475 [INFO] ThirdParty:1030 - CMSIS Pack Vendor :STMicroelectronics X-CUBE-AI 8.1.0
2024-11-03 00:08:55,475 [INFO] ThirdParty:1030 - CMSIS Pack Vendor :wolfSSL I-CUBE-wolfMQTT 1.19.0
2024-11-03 00:08:55,475 [INFO] ThirdParty:1030 - CMSIS Pack Vendor :STMicroelectronics X-CUBE-AZRTOS-L4 2.0.0
2024-11-03 00:08:55,475 [INFO] ThirdParty:1030 - CMSIS Pack Vendor :STMicroelectronics ThreadX 0.0.2
2024-11-03 00:08:55,475 [INFO] ThirdParty:1030 - CMSIS Pack Vendor :WES I-CUBE-Cesium 1.3.0
2024-11-03 00:08:55,475 [INFO] ThirdParty:1030 - CMSIS Pack Vendor :STMicroelectronics lwIP 2.1.2
2024-11-03 00:08:55,475 [INFO] ThirdParty:1030 - CMSIS Pack Vendor :STMicroelectronics X-CUBE-SFXS2LP1 4.0.0
2024-11-03 00:08:55,476 [INFO] ThirdParty:1030 - CMSIS Pack Vendor :STMicroelectronics X-CUBE-BLE2 3.3.0
2024-11-03 00:08:55,476 [INFO] ThirdParty:1030 - CMSIS Pack Vendor :STMicroelectronics PDM2PCM 3.2.0
2024-11-03 00:08:55,476 [INFO] ThirdParty:1030 - CMSIS Pack Vendor :STMicroelectronics X-CUBE-ISPU 1.1.0
2024-11-03 00:08:55,476 [INFO] ThirdParty:1030 - CMSIS Pack Vendor :STMicroelectronics X-CUBE-AZRTOS-H7 3.3.0
2024-11-03 00:08:55,476 [INFO] ThirdParty:1030 - CMSIS Pack Vendor :STMicroelectronics X-CUBE-NFC9 1.0.0
2024-11-03 00:08:55,476 [INFO] ThirdParty:1030 - CMSIS Pack Vendor :STMicroelectronics USB_DEVICE 3.0.0
2024-11-03 00:08:55,476 [INFO] ThirdParty:1030 - CMSIS Pack Vendor :STMicroelectronics X-CUBE-TCPP 4.1.0
2024-11-03 00:08:55,476 [INFO] ThirdParty:1030 - CMSIS Pack Vendor :STMicroelectronics X-CUBE-IPS 3.0.0
2024-11-03 00:08:55,476 [INFO] ThirdParty:1030 - CMSIS Pack Vendor :STMicroelectronics X-CUBE-AZRTOS-WB 2.0.0
2024-11-03 00:08:55,476 [INFO] ThirdParty:1030 - CMSIS Pack Vendor :STMicroelectronics X-CUBE-GNSS1 7.0.0
2024-11-03 00:08:55,476 [INFO] ThirdParty:1030 - CMSIS Pack Vendor :STMicroelectronics FP-SNS-STBOX1 2.0.0
2024-11-03 00:08:55,476 [INFO] ThirdParty:1030 - CMSIS Pack Vendor :STMicroelectronics X-CUBE-ALGOBUILD 1.3.0
2024-11-03 00:08:55,476 [INFO] ThirdParty:1030 - CMSIS Pack Vendor :STMicroelectronics X-CUBE-AZRTOS-G0 1.1.0
2024-11-03 00:08:55,476 [INFO] ThirdParty:1030 - CMSIS Pack Vendor :STMicroelectronics X-CUBE-SAFEA1 1.2.2
2024-11-03 00:08:55,476 [INFO] ThirdParty:1030 - CMSIS Pack Vendor :STMicroelectronics X-CUBE-NFC4 3.0.0
2024-11-03 00:08:55,476 [INFO] ThirdParty:1030 - CMSIS Pack Vendor :STMicroelectronics X-CUBE-SUBG2 5.0.0
2024-11-03 00:08:55,477 [INFO] ThirdParty:1030 - CMSIS Pack Vendor :STMicroelectronics STM32_WPAN 1.0.0
2024-11-03 00:08:55,477 [INFO] ThirdParty:1030 - CMSIS Pack Vendor :EmbeddedOffice I-CUBE-FS-RTOS 1.0.1
2024-11-03 00:08:55,477 [INFO] ThirdParty:1030 - CMSIS Pack Vendor :STMicroelectronics lwIP 2.0.3
2024-11-03 00:08:55,477 [INFO] ThirdParty:1030 - CMSIS Pack Vendor :Cesanta I-CUBE-Mongoose 7.13.0
2024-11-03 00:08:55,477 [INFO] ThirdParty:1030 - CMSIS Pack Vendor :STMicroelectronics USB_HOST 1.0.0
2024-11-03 00:08:55,478 [INFO] ThirdParty:1030 - CMSIS Pack Vendor :STMicroelectronics X-CUBE-TOF1 3.3.1
2024-11-03 00:08:55,478 [INFO] ThirdParty:1030 - CMSIS Pack Vendor :STMicroelectronics X-CUBE-AZRTOS-G4 2.0.0
2024-11-03 00:08:55,478 [INFO] ThirdParty:1030 - CMSIS Pack Vendor :STMicroelectronics PDM2PCM 3.1.0
2024-11-03 00:08:55,478 [INFO] ThirdParty:1030 - CMSIS Pack Vendor :Infineon AIROC-Wi-Fi-Bluetooth-STM32 1.5.1
2024-11-03 00:08:55,478 [INFO] ThirdParty:1030 - CMSIS Pack Vendor :STMicroelectronics X-CUBE-BLEMGR 3.0.0
2024-11-03 00:08:55,478 [INFO] ThirdParty:1030 - CMSIS Pack Vendor :STMicroelectronics FP-SNS-MOTENVWB1 1.3.0
2024-11-03 00:08:55,478 [INFO] ThirdParty:1030 - CMSIS Pack Vendor :RealThread X-CUBE-RT-Thread_Nano 4.1.1
2024-11-03 00:08:55,478 [INFO] ThirdParty:1030 - CMSIS Pack Vendor :STMicroelectronics FP-SNS-MOTENVWB1 1.3.1
2024-11-03 00:08:55,478 [INFO] ThirdParty:1030 - CMSIS Pack Vendor :STMicroelectronics FP-ATR-SIGFOX1 3.2.0
2024-11-03 00:08:55,478 [INFO] ThirdParty:1030 - CMSIS Pack Vendor :STMicroelectronics X-CUBE-ISPU 2.0.0
2024-11-03 00:08:55,479 [INFO] ThirdParty:1030 - CMSIS Pack Vendor :STMicroelectronics X-CUBE-EEPRMA1 5.1.0
2024-11-03 00:08:55,479 [INFO] ThirdParty:1030 - CMSIS Pack Vendor :STMicroelectronics MBEDTLS 2.16.2
2024-11-03 00:08:55,479 [INFO] ThirdParty:1030 - CMSIS Pack Vendor :STMicroelectronics X-CUBE-ALS 1.0.2
2024-11-03 00:08:55,479 [INFO] ThirdParty:1030 - CMSIS Pack Vendor :STMicroelectronics X-CUBE-MEMS1 10.0.0
2024-11-03 00:08:55,479 [INFO] ThirdParty:1030 - CMSIS Pack Vendor :STMicroelectronics X-CUBE-FREERTOS 1.1.0
2024-11-03 00:08:55,479 [INFO] ThirdParty:1030 - CMSIS Pack Vendor :STMicroelectronics X-CUBE-TOUCHGFX 4.24.0
2024-11-03 00:08:55,479 [INFO] ThirdParty:1030 - CMSIS Pack Vendor :STMicroelectronics X-CUBE-TOUCHGFX 4.24.1
2024-11-03 00:08:55,479 [INFO] ThirdParty:1030 - CMSIS Pack Vendor :portGmbH I-Cube-SoM-uGOAL 1.1.0
2024-11-03 00:08:55,479 [INFO] ThirdParty:1030 - CMSIS Pack Vendor :STMicroelectronics X-CUBE-ALS 1.0.1
2024-11-03 00:08:55,479 [INFO] ThirdParty:1030 - CMSIS Pack Vendor :STMicroelectronics ThreadX 1.0.0
2024-11-03 00:08:55,479 [INFO] ThirdParty:1030 - CMSIS Pack Vendor :SEGGER I-CUBE-embOS 1.3.1
2024-11-03 00:08:55,479 [INFO] ThirdParty:1030 - CMSIS Pack Vendor :STMicroelectronics X-CUBE-ALGOBUILD 1.4.0
2024-11-03 00:08:55,479 [INFO] ThirdParty:1030 - CMSIS Pack Vendor :STMicroelectronics X-CUBE-AZRTOS-H7RS 1.0.0
2024-11-03 00:08:55,479 [INFO] ThirdParty:1030 - CMSIS Pack Vendor :STMicroelectronics FP-ATR-ASTRA1 2.0.0
2024-11-03 00:08:55,479 [INFO] ThirdParty:1030 - CMSIS Pack Vendor :STMicroelectronics X-CUBE-TOF1 3.4.2
2024-11-03 00:08:55,479 [INFO] ThirdParty:1030 - CMSIS Pack Vendor :STMicroelectronics X-CUBE-AI 9.1.0
2024-11-03 00:08:55,479 [INFO] ThirdParty:1030 - CMSIS Pack Vendor :STMicroelectronics X-CUBE-TOF1 3.4.0
2024-11-03 00:08:55,479 [INFO] ThirdParty:1030 - CMSIS Pack Vendor :STMicroelectronics X-CUBE-TOF1 3.4.1
2024-11-03 00:08:55,479 [INFO] ThirdParty:1030 - CMSIS Pack Vendor :STMicroelectronics X-CUBE-AZRTOS-H7 3.2.0
2024-11-03 00:08:55,480 [INFO] ThirdParty:1030 - CMSIS Pack Vendor :wolfSSL I-CUBE-wolfSSH 1.4.17
2024-11-03 00:08:55,480 [INFO] ThirdParty:841 - exiting critical section [change project]
2024-11-03 00:08:55,612 [INFO] PinOutPanel:1561 - setPackage(No Configuration,No Configuration)
2024-11-03 00:08:55,613 [INFO] PinOutPanel:1561 - setPackage(STM32F401CDUx,UFQFPN48)
2024-11-03 00:08:55,759 [INFO] UtilMem:75 - Before build in PCC Used Memory: 759340552 Bytes (1073741824)
2024-11-03 00:08:55,994 [INFO] UtilMem:75 - After build in PCC Used Memory: 774396928 Bytes (1073741824)
2024-11-03 00:08:56,018 [INFO] IPUIPlugin:80 - create IPUIPlugin
2024-11-03 00:08:56,018 [INFO] IPUIPlugin:80 - create IPUIPlugin
2024-11-03 00:08:56,018 [INFO] IPUIPlugin:80 - create IPUIPlugin
2024-11-03 00:08:56,018 [INFO] IPUIPlugin:80 - create IPUIPlugin
2024-11-03 00:08:56,018 [INFO] IPUIPlugin:80 - create IPUIPlugin
2024-11-03 00:08:56,018 [INFO] IPUIPlugin:80 - create IPUIPlugin
2024-11-03 00:08:56,018 [INFO] IPUIPlugin:80 - create IPUIPlugin
2024-11-03 00:08:56,018 [INFO] IPUIPlugin:80 - create IPUIPlugin
2024-11-03 00:08:56,019 [INFO] IPUIPlugin:80 - create IPUIPlugin
2024-11-03 00:08:56,019 [INFO] IPUIPlugin:80 - create IPUIPlugin
2024-11-03 00:08:56,019 [INFO] IPUIPlugin:80 - create IPUIPlugin
2024-11-03 00:08:56,019 [INFO] IPUIPlugin:80 - create IPUIPlugin
2024-11-03 00:08:56,019 [INFO] IPUIPlugin:80 - create IPUIPlugin
2024-11-03 00:08:56,020 [INFO] IPUIPlugin:80 - create IPUIPlugin
2024-11-03 00:08:56,020 [INFO] IPUIPlugin:80 - create IPUIPlugin
2024-11-03 00:08:56,020 [INFO] IPUIPlugin:80 - create IPUIPlugin
2024-11-03 00:08:56,021 [INFO] IPUIPlugin:80 - create IPUIPlugin
2024-11-03 00:08:56,021 [INFO] IPUIPlugin:80 - create IPUIPlugin
2024-11-03 00:08:56,021 [INFO] IPUIPlugin:80 - create IPUIPlugin
2024-11-03 00:08:56,021 [INFO] IPUIPlugin:80 - create IPUIPlugin
2024-11-03 00:08:56,022 [INFO] IPUIPlugin:80 - create IPUIPlugin
2024-11-03 00:08:56,022 [INFO] IPUIPlugin:80 - create IPUIPlugin
2024-11-03 00:08:56,022 [INFO] IPUIPlugin:80 - create IPUIPlugin
2024-11-03 00:08:56,022 [INFO] IPUIPlugin:80 - create IPUIPlugin
2024-11-03 00:08:56,023 [INFO] IPUIPlugin:80 - create IPUIPlugin
2024-11-03 00:08:56,023 [INFO] IPUIPlugin:80 - create IPUIPlugin
2024-11-03 00:08:56,023 [INFO] IPUIPlugin:80 - create IPUIPlugin
2024-11-03 00:08:56,023 [INFO] IPUIPlugin:80 - create IPUIPlugin
2024-11-03 00:08:56,024 [INFO] IPUIPlugin:80 - create IPUIPlugin
2024-11-03 00:08:56,024 [INFO] IPUIPlugin:80 - create IPUIPlugin
2024-11-03 00:08:56,024 [INFO] IPUIPlugin:80 - create IPUIPlugin
2024-11-03 00:08:56,025 [INFO] IPUIPlugin:80 - create IPUIPlugin
2024-11-03 00:08:56,025 [INFO] IPUIPlugin:80 - create IPUIPlugin
2024-11-03 00:08:56,025 [INFO] IPUIPlugin:80 - create IPUIPlugin
2024-11-03 00:08:56,026 [INFO] IPUIPlugin:80 - create IPUIPlugin
2024-11-03 00:08:56,026 [INFO] IPUIPlugin:80 - create IPUIPlugin
2024-11-03 00:08:56,026 [INFO] IPUIPlugin:80 - create IPUIPlugin
2024-11-03 00:08:56,030 [INFO] ApiDbMcu:508 - Load IP Config File for PDM2PCM
2024-11-03 00:08:56,066 [INFO] CADModel:165 - CPN selected for project levelSTM32F401CDU6
2024-11-03 00:08:56,066 [INFO] CADModel:114 - Register for checkConnection events
2024-11-03 00:08:56,156 [INFO] OpenFileManager:363 - Restore cursor
2024-11-03 00:09:57,513 [INFO] UtilMem:75 - End SaveConfig() Used Memory: 795337808 Bytes (1073741824)
2024-11-03 00:09:57,634 [INFO] UtilMem:75 - End SaveConfig() Used Memory: 804737168 Bytes (1073741824)
2024-11-03 00:09:58,971 [INFO] UtilMem:75 - End SaveConfig() Used Memory: 934798416 Bytes (1073741824)
2024-11-03 00:09:59,336 [INFO] BlockDiagram:2766 - set Specific Code input for plugin: NVIC
2024-11-03 00:09:59,336 [INFO] BlockDiagram:2766 - set Specific Code input for plugin: SYS
2024-11-03 00:09:59,336 [INFO] BlockDiagram:2766 - set Specific Code input for plugin: GPIO
2024-11-03 00:09:59,336 [INFO] BlockDiagram:2766 - set Specific Code input for plugin: RCC
2024-11-03 00:09:59,339 [INFO] CodeGenerator:807 - code generatio: config db path: D:\IEEE\STM32CubeIDE_1.13.2\STM32CubeIDE\plugins\com.st.stm32cube.common.mx_6.12.0.202406281431\\db\
2024-11-03 00:09:59,631 [INFO] CodeEngine:255 - oldGeneratedFile, D:\TAI_LIEU\ET-E9\Program\20241\ET4245-AI_and_Applicaiton\HandWritingRecognition_on_STM32\Impliment_on_embed_kit\FAKE_touch-calibration-TFTSTM32\ILI9341 16 BIT GPIO TOUCH CALIBRATION STM32F401\MXTmpFiles\license.tmp_save
2024-11-03 00:09:59,916 [INFO] CodeEngine:279 - Generated code: D:\TAI_LIEU\ET-E9\Program\20241\ET4245-AI_and_Applicaiton\HandWritingRecognition_on_STM32\Impliment_on_embed_kit\FAKE_touch-calibration-TFTSTM32\ILI9341 16 BIT GPIO TOUCH CALIBRATION STM32F401\MXTmpFiles\license.tmp
2024-11-03 00:10:00,079 [INFO] CodeEngine:255 - oldGeneratedFile, D:\TAI_LIEU\ET-E9\Program\20241\ET4245-AI_and_Applicaiton\HandWritingRecognition_on_STM32\Impliment_on_embed_kit\FAKE_touch-calibration-TFTSTM32\ILI9341 16 BIT GPIO TOUCH CALIBRATION STM32F401\MXTmpFiles\gpio.tmp_save
2024-11-03 00:10:00,287 [INFO] CodeEngine:279 - Generated code: D:\TAI_LIEU\ET-E9\Program\20241\ET4245-AI_and_Applicaiton\HandWritingRecognition_on_STM32\Impliment_on_embed_kit\FAKE_touch-calibration-TFTSTM32\ILI9341 16 BIT GPIO TOUCH CALIBRATION STM32F401\MXTmpFiles\gpio.tmp
2024-11-03 00:10:00,458 [INFO] CodeEngine:255 - oldGeneratedFile, D:\TAI_LIEU\ET-E9\Program\20241\ET4245-AI_and_Applicaiton\HandWritingRecognition_on_STM32\Impliment_on_embed_kit\FAKE_touch-calibration-TFTSTM32\ILI9341 16 BIT GPIO TOUCH CALIBRATION STM32F401\Core\Src\stm32f4xx_it.c_save
2024-11-03 00:10:00,950 [INFO] CodeEngine:279 - Generated code: D:\TAI_LIEU\ET-E9\Program\20241\ET4245-AI_and_Applicaiton\HandWritingRecognition_on_STM32\Impliment_on_embed_kit\FAKE_touch-calibration-TFTSTM32\ILI9341 16 BIT GPIO TOUCH CALIBRATION STM32F401\Core\Src\stm32f4xx_it.c
2024-11-03 00:10:00,998 [INFO] CodeEngine:255 - oldGeneratedFile, D:\TAI_LIEU\ET-E9\Program\20241\ET4245-AI_and_Applicaiton\HandWritingRecognition_on_STM32\Impliment_on_embed_kit\FAKE_touch-calibration-TFTSTM32\ILI9341 16 BIT GPIO TOUCH CALIBRATION STM32F401\Core\Inc\stm32f4xx_it.h_save
2024-11-03 00:10:01,174 [INFO] CodeEngine:279 - Generated code: D:\TAI_LIEU\ET-E9\Program\20241\ET4245-AI_and_Applicaiton\HandWritingRecognition_on_STM32\Impliment_on_embed_kit\FAKE_touch-calibration-TFTSTM32\ILI9341 16 BIT GPIO TOUCH CALIBRATION STM32F401\Core\Inc\stm32f4xx_it.h
2024-11-03 00:10:01,243 [INFO] CodeEngine:255 - oldGeneratedFile, D:\TAI_LIEU\ET-E9\Program\20241\ET4245-AI_and_Applicaiton\HandWritingRecognition_on_STM32\Impliment_on_embed_kit\FAKE_touch-calibration-TFTSTM32\ILI9341 16 BIT GPIO TOUCH CALIBRATION STM32F401\Core\Src\stm32f4xx_hal_msp.c_save
2024-11-03 00:10:01,470 [INFO] CodeEngine:279 - Generated code: D:\TAI_LIEU\ET-E9\Program\20241\ET4245-AI_and_Applicaiton\HandWritingRecognition_on_STM32\Impliment_on_embed_kit\FAKE_touch-calibration-TFTSTM32\ILI9341 16 BIT GPIO TOUCH CALIBRATION STM32F401\Core\Src\stm32f4xx_hal_msp.c
2024-11-03 00:10:01,489 [INFO] CodeEngine:255 - oldGeneratedFile, D:\TAI_LIEU\ET-E9\Program\20241\ET4245-AI_and_Applicaiton\HandWritingRecognition_on_STM32\Impliment_on_embed_kit\FAKE_touch-calibration-TFTSTM32\ILI9341 16 BIT GPIO TOUCH CALIBRATION STM32F401\MXTmpFiles\system.tmp_save
2024-11-03 00:10:01,597 [INFO] CodeEngine:279 - Generated code: D:\TAI_LIEU\ET-E9\Program\20241\ET4245-AI_and_Applicaiton\HandWritingRecognition_on_STM32\Impliment_on_embed_kit\FAKE_touch-calibration-TFTSTM32\ILI9341 16 BIT GPIO TOUCH CALIBRATION STM32F401\MXTmpFiles\system.tmp
2024-11-03 00:10:01,646 [INFO] CodeEngine:311 - oldGeneratedFile, D:\TAI_LIEU\ET-E9\Program\20241\ET4245-AI_and_Applicaiton\HandWritingRecognition_on_STM32\Impliment_on_embed_kit\FAKE_touch-calibration-TFTSTM32\ILI9341 16 BIT GPIO TOUCH CALIBRATION STM32F401\Core\Inc\stm32f4xx_hal_conf.h_save
2024-11-03 00:10:01,797 [INFO] CodeEngine:335 - Generated code: D:\TAI_LIEU\ET-E9\Program\20241\ET4245-AI_and_Applicaiton\HandWritingRecognition_on_STM32\Impliment_on_embed_kit\FAKE_touch-calibration-TFTSTM32\ILI9341 16 BIT GPIO TOUCH CALIBRATION STM32F401\Core\Inc\stm32f4xx_hal_conf.h
2024-11-03 00:10:01,917 [INFO] CodeEngine:255 - oldGeneratedFile, D:\TAI_LIEU\ET-E9\Program\20241\ET4245-AI_and_Applicaiton\HandWritingRecognition_on_STM32\Impliment_on_embed_kit\FAKE_touch-calibration-TFTSTM32\ILI9341 16 BIT GPIO TOUCH CALIBRATION STM32F401\Core\Inc\main.h_save
2024-11-03 00:10:02,071 [INFO] CodeEngine:279 - Generated code: D:\TAI_LIEU\ET-E9\Program\20241\ET4245-AI_and_Applicaiton\HandWritingRecognition_on_STM32\Impliment_on_embed_kit\FAKE_touch-calibration-TFTSTM32\ILI9341 16 BIT GPIO TOUCH CALIBRATION STM32F401\Core\Inc\main.h
2024-11-03 00:10:02,108 [INFO] CodeEngine:255 - oldGeneratedFile, D:\TAI_LIEU\ET-E9\Program\20241\ET4245-AI_and_Applicaiton\HandWritingRecognition_on_STM32\Impliment_on_embed_kit\FAKE_touch-calibration-TFTSTM32\ILI9341 16 BIT GPIO TOUCH CALIBRATION STM32F401\Core\Src\main.c_save
2024-11-03 00:10:02,333 [INFO] CodeEngine:279 - Generated code: D:\TAI_LIEU\ET-E9\Program\20241\ET4245-AI_and_Applicaiton\HandWritingRecognition_on_STM32\Impliment_on_embed_kit\FAKE_touch-calibration-TFTSTM32\ILI9341 16 BIT GPIO TOUCH CALIBRATION STM32F401\Core\Src\main.c
2024-11-03 00:10:03,365 [INFO] ProjectBuilder:3249 - Time for Copy HAL[1] : 644mS.
2024-11-03 00:10:03,385 [INFO] ProjectBuilder:4828 - Project Generator version: 4.4.0-B60
2024-11-03 00:10:03,594 [INFO] ConfigFileManager:1531 - The Die is : DIE433
2024-11-03 00:10:03,613 [INFO] ApiDbMcu:508 - Load IP Config File for FATFS
2024-11-03 00:10:03,675 [INFO] ApiDbMcu:508 - Load IP Config File for FREERTOS
2024-11-03 00:10:03,698 [INFO] ApiDbMcu:508 - Load IP Config File for LIBJPEG
2024-11-03 00:10:03,729 [INFO] ApiDbMcu:508 - Load IP Config File for MBEDTLS
2024-11-03 00:10:03,761 [INFO] ApiDbMcu:508 - Load IP Config File for USB_DEVICE
2024-11-03 00:10:03,787 [INFO] ApiDbMcu:508 - Load IP Config File for USB_HOST
2024-11-03 00:10:06,343 [INFO] ProjectBuilder:5097 - Time for Generating toolchain IDE Files: 2958mS.
2024-11-03 00:10:06,346 [INFO] ProjectBuilder:3107 - Time for Copy CMSIS : 2mS.
2024-11-03 00:10:06,361 [INFO] ProjectBuilder:3107 - Time for Copy CMSIS : 0mS.
